<?xml version="1.0" encoding="UTF-8"?>
<testng-results ignored="0" total="1" passed="1" failed="0" skipped="0">
  <reporter-output>
  </reporter-output>
  <suite started-at="2018-05-21T21:57:50Z" name="Failed suite [Failed suite [Failed suite [Failed suite [Failed suite [Failed suite [Failed suite [Failed suite [Failed suite [Failed suite [Default suite]]]]]]]]]]" finished-at="2018-05-21T21:58:14Z" duration-ms="23577">
    <groups>
    </groups>
    <test started-at="2018-05-21T21:57:50Z" name="Default test(failed)(failed)(failed)(failed)(failed)(failed)(failed)(failed)(failed)(failed)" finished-at="2018-05-21T21:58:14Z" duration-ms="23577">
      <class name="com.crm.qa.testcases.AppiumTest">
        <test-method is-config="true" signature="setup()[pri:0, instance:com.crm.qa.testcases.AppiumTest@2cf3d63b]" started-at="2018-05-21T21:57:50Z" name="setup" finished-at="2018-05-21T21:58:12Z" duration-ms="21984" status="PASS">
          <reporter-output>
          </reporter-output>
        </test-method> <!-- setup -->
        <test-method signature="simpleMobileTest()[pri:0, instance:com.crm.qa.testcases.AppiumTest@2cf3d63b]" started-at="2018-05-21T21:58:12Z" name="simpleMobileTest" finished-at="2018-05-21T21:58:14Z" duration-ms="1563" status="PASS">
          <reporter-output>
          </reporter-output>
        </test-method> <!-- simpleMobileTest -->
      </class> <!-- com.crm.qa.testcases.AppiumTest -->
    </test> <!-- Default test(failed)(failed)(failed)(failed)(failed)(failed)(failed)(failed)(failed)(failed) -->
  </suite> <!-- Failed suite [Failed suite [Failed suite [Failed suite [Failed suite [Failed suite [Failed suite [Failed suite [Failed suite [Failed suite [Default suite]]]]]]]]]] -->
</testng-results>
