<?xml version="1.0" encoding="UTF-8"?>
<!-- Generated by org.testng.reporters.JUnitXMLReporter -->
<testsuite ignored="0" hostname="LAPTOP-4FQQCFFD" failures="1" tests="1" name="Default test(failed)(failed)(failed)(failed)(failed)" time="32.65" errors="0" timestamp="21 May 2018 21:18:34 GMT">
  <testcase classname="com.crm.qa.testcases.AppiumTest" name="simpleMobileTest" time="0.187">
    <failure type="org.openqa.selenium.WebDriverException" message="unknown error: unhandled inspector error: {&amp;quot;code&amp;quot;:-32000,&amp;quot;message&amp;quot;:&amp;quot;Cannot navigate to invalid URL&amp;quot;}
  (Session info: chrome=66.0.3359.158)
  (Driver info: chromedriver=2.37.544315 (730aa6a5fdba159ac9f4c1e8cbc59bf1b5ce12b7),platform=Windows NT 10.0.17134 x86_64) (WARNING: The server did not provide any stacktrace information)
Command duration or timeout: 0 milliseconds
Build info: version: &amp;apos;3.5.3&amp;apos;, revision: &amp;apos;a88d25fe6b&amp;apos;, time: &amp;apos;2017-08-29T12:42:44.417Z&amp;apos;
System info: host: &amp;apos;LAPTOP-4FQQCFFD&amp;apos;, ip: &amp;apos;192.168.0.42&amp;apos;, os.name: &amp;apos;Windows 10&amp;apos;, os.arch: &amp;apos;amd64&amp;apos;, os.version: &amp;apos;10.0&amp;apos;, java.version: &amp;apos;9.0.4&amp;apos;
Driver info: io.appium.java_client.android.AndroidDriver
Capabilities [{deviceScreenSize=1080x2160, networkConnectionEnabled=true, warnings={}, databaseEnabled=false, deviceName=M2HDU18305002992, platform=LINUX, deviceUDID=M2HDU18305002992, desired={browserName=chrome, platformName=Android, deviceName=M2HDU18305002992}, platformVersion=8.0.0, webStorageEnabled=false, locationContextEnabled=false, takesScreenshot=true, browserName=chrome, javascriptEnabled=true, deviceModel=BKL-L09, deviceManufacturer=HUAWEI, platformName=LINUX}]
Session ID: ce3cf5ce-f5ba-4892-b9d2-7abfef586b39">
      <![CDATA[org.openqa.selenium.WebDriverException: unknown error: unhandled inspector error: {"code":-32000,"message":"Cannot navigate to invalid URL"}
  (Session info: chrome=66.0.3359.158)
  (Driver info: chromedriver=2.37.544315 (730aa6a5fdba159ac9f4c1e8cbc59bf1b5ce12b7),platform=Windows NT 10.0.17134 x86_64) (WARNING: The server did not provide any stacktrace information)
Command duration or timeout: 0 milliseconds
Build info: version: '3.5.3', revision: 'a88d25fe6b', time: '2017-08-29T12:42:44.417Z'
System info: host: 'LAPTOP-4FQQCFFD', ip: '192.168.0.42', os.name: 'Windows 10', os.arch: 'amd64', os.version: '10.0', java.version: '9.0.4'
Driver info: io.appium.java_client.android.AndroidDriver
Capabilities [{deviceScreenSize=1080x2160, networkConnectionEnabled=true, warnings={}, databaseEnabled=false, deviceName=M2HDU18305002992, platform=LINUX, deviceUDID=M2HDU18305002992, desired={browserName=chrome, platformName=Android, deviceName=M2HDU18305002992}, platformVersion=8.0.0, webStorageEnabled=false, locationContextEnabled=false, takesScreenshot=true, browserName=chrome, javascriptEnabled=true, deviceModel=BKL-L09, deviceManufacturer=HUAWEI, platformName=LINUX}]
Session ID: ce3cf5ce-f5ba-4892-b9d2-7abfef586b39
at org.openqa.selenium.remote.ErrorHandler.createThrowable(ErrorHandler.java:215)
at org.openqa.selenium.remote.ErrorHandler.throwIfResponseFailed(ErrorHandler.java:167)
at org.openqa.selenium.remote.http.JsonHttpResponseCodec.reconstructValue(JsonHttpResponseCodec.java:40)
at org.openqa.selenium.remote.http.AbstractHttpResponseCodec.decode(AbstractHttpResponseCodec.java:82)
at org.openqa.selenium.remote.http.AbstractHttpResponseCodec.decode(AbstractHttpResponseCodec.java:45)
at org.openqa.selenium.remote.HttpCommandExecutor.execute(HttpCommandExecutor.java:164)
at io.appium.java_client.remote.AppiumCommandExecutor.execute(AppiumCommandExecutor.java:89)
at org.openqa.selenium.remote.RemoteWebDriver.execute(RemoteWebDriver.java:646)
at io.appium.java_client.DefaultGenericMobileDriver.execute(DefaultGenericMobileDriver.java:42)
at io.appium.java_client.AppiumDriver.execute(AppiumDriver.java:1)
at io.appium.java_client.android.AndroidDriver.execute(AndroidDriver.java:1)
at org.openqa.selenium.remote.RemoteWebDriver.get(RemoteWebDriver.java:370)
at com.crm.qa.testcases.AppiumTest.simpleMobileTest(AppiumTest.java:38)
... Removed 29 stack frames]]>
    </failure>
  </testcase> <!-- simpleMobileTest -->
</testsuite> <!-- Default test(failed)(failed)(failed)(failed)(failed) -->
